SET
Timing is on.
set search_path=faa;
SET
Time: 0.369 ms
select flightnum  from faa.otp_r where flightdate = '2008-01-03'::date and origin = 'BOS' ;
 flightnum 
-----------
 1034
 5446
 5645
 5685
 209
 2045
 2139
 1086
 449
 1219
 431
 1293
 1749
 637
 1235
 1259
 881
 669
 1905
 1281
 1857
 1933
 4787
 816
 181
 603
 545
 1278
 1177
 4806
 1197
 1191
 1195
 4569
 4614
 4816
 4823
 4820
 5601
 5507
 5405
 5625
 5254
 5635
 7404
 1429
 223
 1777
 38
 768
 2037
 1787
 1879
 1927
 1011
 497
 1251
 441
 1249
 1834
 1907
 491
 433
 1263
 455
 644
 1921
 1143
 657
 1843
 1917
 755
 492
 435
 1027
 288
 1081
 1065
 866
 630
 811
 274
 1083
 179
 1121
 571
 533
 597
 881
 1119
 1470
 4622
 4559
 4540
 4592
 4810
 215
 281
 715
 1700
 4785
 1809
 217
 527
 519
 800
 348
 812
 171
 339
 260
 383
 2483
 683
 4814
 373
 717
 4566
 113
 5612
 2119
 5411
 2143
 1929
 2131
 1797
 1161
 1559
 1935
 461
 481
 471
 1257
 1629
 489
 1253
 1009
 1297
 443
 697
 1925
 1728
 1255
 1007
 467
 1915
 759
 453
 1211
 1929
 679
 663
 1133
 643
 1497
 779
 541
 1531
 4591
 4574
 4596
 4617
 5413
 5031
 5611
 5505
 5655
 5677
 1779
 1787
 1557
 1591
 5607
 1587
 5409
 5045
 5513
 5479
 1539
 2049
 675
 1997
 2127
 1863
 435
 1281
 1265
 459
 1792
 1931
 427
 447
 1001
 1014
 2003
 681
 5737
 651
 15
 183
 810
 1179
 1251
 273
 822
 1981
 2487
 1123
 537
 823
 4662
 1431
 377
 381
 4584
 4602
 4599
 335
 163
 1189
 165
 4263
 173
 423
 535
 897
 324
 4818
 383
 584
 4560
 5401
 5403
 5115
 2135
 667
 889
 2041
 2029
 1911
 429
 477
 451
 1923
 1005
 469
 197
 483
 754
 1821
 1939
 671
 1747
 1547
 4783
 1117
 211
 883
 281
 1333
 1725
 882
 2189
 145
 225
 25
 1521
 148
 183
 861
 965
 4565
 117
 379
 835
 5407
 5475
 5158
 5615
 2025
 883
 2123
 1889
 1919
 457
 425
 437
 1289
 1069
 411
 1913
 661
 1909
 2061
 801
 223
 1053
 1607
 1563
 1937
 632
 167
 177
 147
 427
 1129
 4557
 4586
 4619
 4808
 5035
 2033
 5092
 5503
 4969
 5675
 1819
 1927
 685
 65
 1097
 1241
 1003
 1231
 1019
 899
 421
 439
 1223
 1883
 687
 673
(332 rows)

Time: 705.945 ms
select  flightnum   from faa.otp_c where flightdate = '2008-01-03'::date and origin = 'BOS' ;
 flightnum 
-----------
 1034
 5446
 5645
 5685
 209
 2045
 2139
 1086
 449
 1219
 431
 1293
 1749
 637
 1235
 1259
 881
 669
 1905
 1281
 1857
 1933
 4787
 816
 181
 603
 545
 1278
 1177
 4806
 1197
 1191
 1195
 4569
 4614
 4816
 4823
 4820
 5035
 2033
 5092
 5503
 4969
 5675
 1819
 1927
 685
 65
 1097
 1241
 1003
 1231
 1019
 899
 421
 439
 1223
 1883
 687
 673
 223
 1053
 1607
 1563
 1937
 632
 167
 177
 147
 427
 1129
 4557
 4586
 4619
 4808
 5607
 1587
 5409
 5045
 5513
 5479
 1539
 2049
 675
 1997
 2127
 1863
 435
 1281
 1265
 459
 1792
 1931
 427
 447
 1001
 1014
 2003
 681
 5737
 651
 15
 183
 810
 1179
 1251
 273
 822
 1981
 2487
 1123
 537
 823
 4662
 1431
 377
 381
 4584
 4602
 4599
 335
 5612
 2119
 5411
 2143
 1929
 2131
 1797
 1161
 1559
 1935
 461
 481
 471
 1257
 1629
 489
 1253
 1009
 1297
 443
 697
 1925
 1700
 4785
 1809
 217
 527
 519
 800
 348
 812
 171
 339
 260
 383
 2483
 683
 4814
 373
 717
 4566
 113
 835
 5407
 5475
 5158
 5615
 2025
 883
 2123
 1889
 1919
 457
 425
 437
 1289
 1069
 411
 1913
 661
 1909
 2061
 801
 145
 225
 25
 1521
 148
 183
 861
 965
 4565
 117
 379
 5413
 5031
 5611
 5505
 5655
 5677
 1779
 1787
 1557
 1591
 1728
 1255
 1007
 467
 1915
 759
 453
 1211
 1929
 679
 663
 1133
 643
 1497
 779
 541
 1531
 4591
 4574
 4596
 4617
 5401
 5403
 5115
 2135
 667
 889
 2041
 2029
 1911
 429
 477
 451
 1923
 1005
 469
 197
 483
 754
 1821
 1939
 671
 1747
 1547
 4783
 1117
 211
 883
 281
 1333
 1725
 882
 2189
 163
 1189
 165
 4263
 173
 423
 535
 897
 324
 4818
 383
 584
 4560
 5601
 5507
 5405
 5625
 5254
 5635
 7404
 1429
 223
 1777
 38
 768
 2037
 1787
 1879
 1927
 1011
 497
 1251
 441
 1249
 1834
 1907
 491
 433
 1263
 455
 644
 1921
 1143
 657
 1843
 1917
 755
 492
 435
 1027
 288
 1081
 1065
 866
 630
 811
 274
 1083
 179
 1121
 571
 533
 597
 881
 1119
 1470
 4622
 4559
 4540
 4592
 4810
 215
 281
 715
(332 rows)

Time: 682.766 ms
select  flightnum   from faa.otp_cc5 where flightdate = '2008-01-03'::date and origin = 'BOS' ;
 flightnum 
-----------
 835
 5407
 5475
 5158
 5615
 2025
 883
 2123
 1889
 1919
 457
 425
 437
 1289
 1069
 411
 1913
 661
 1909
 2061
 801
 145
 225
 25
 1521
 148
 183
 861
 965
 4565
 117
 379
 1034
 5446
 5645
 5685
 209
 2045
 2139
 1086
 449
 1219
 431
 1293
 1749
 637
 1235
 1259
 881
 669
 1905
 1281
 1857
 1933
 4787
 816
 181
 603
 545
 1278
 1177
 4806
 1197
 1191
 1195
 4569
 4614
 4816
 4823
 4820
 5035
 2033
 5092
 5503
 4969
 5675
 1819
 1927
 685
 65
 1097
 1241
 1003
 1231
 1019
 899
 421
 439
 1223
 1883
 687
 673
 223
 1053
 1607
 1563
 1937
 632
 167
 177
 147
 427
 1129
 4557
 4586
 4619
 4808
 5401
 5403
 5115
 2135
 667
 889
 2041
 2029
 1911
 429
 477
 451
 1923
 1005
 469
 197
 483
 754
 1821
 1939
 671
 1747
 1547
 4783
 1117
 211
 883
 281
 1333
 1725
 882
 2189
 163
 1189
 165
 4263
 173
 423
 535
 897
 324
 4818
 383
 584
 4560
 5413
 5031
 5611
 5505
 5655
 5677
 1779
 1787
 1557
 1591
 1728
 1255
 1007
 467
 1915
 759
 453
 1211
 1929
 679
 663
 1133
 643
 1497
 779
 541
 1531
 4591
 4574
 4596
 4617
 5612
 2119
 5411
 2143
 1929
 2131
 1797
 1161
 1559
 1935
 461
 481
 471
 1257
 1629
 489
 1253
 1009
 1297
 443
 697
 1925
 1700
 4785
 1809
 217
 527
 519
 800
 348
 812
 171
 339
 260
 383
 2483
 683
 4814
 373
 717
 4566
 113
 5601
 5507
 5405
 5625
 5254
 5635
 7404
 1429
 223
 1777
 38
 768
 2037
 1787
 1879
 1927
 1011
 497
 1251
 441
 1249
 1834
 1907
 491
 433
 1263
 455
 644
 1921
 1143
 657
 1843
 1917
 755
 492
 435
 1027
 288
 1081
 1065
 866
 630
 811
 274
 1083
 179
 1121
 571
 533
 597
 881
 1119
 1470
 4622
 4559
 4540
 4592
 4810
 215
 281
 715
 5607
 1587
 5409
 5045
 5513
 5479
 1539
 2049
 675
 1997
 2127
 1863
 435
 1281
 1265
 459
 1792
 1931
 427
 447
 1001
 1014
 2003
 681
 5737
 651
 15
 183
 810
 1179
 1251
 273
 822
 1981
 2487
 1123
 537
 823
 4662
 1431
 377
 381
 4584
 4602
 4599
 335
(332 rows)

Time: 1114.345 ms
select  flightnum   from faa.otp_cc9 where flightdate = '2008-01-03'::date and origin = 'BOS' ;
 flightnum 
-----------
 835
 5407
 5475
 5158
 5615
 2025
 883
 2123
 1889
 1919
 457
 425
 437
 1289
 1069
 411
 1913
 661
 1909
 2061
 801
 145
 225
 25
 1521
 148
 183
 861
 965
 4565
 117
 379
 1034
 5446
 5645
 5685
 209
 2045
 2139
 1086
 449
 1219
 431
 1293
 1749
 637
 1235
 1259
 881
 669
 1905
 1281
 1857
 1933
 4787
 816
 181
 603
 545
 1278
 1177
 4806
 1197
 1191
 1195
 4569
 4614
 4816
 4823
 4820
 5601
 5507
 5405
 5625
 5254
 5635
 7404
 1429
 223
 1777
 38
 768
 2037
 1787
 1879
 1927
 1011
 497
 1251
 441
 1249
 1834
 1907
 491
 433
 1263
 455
 644
 1921
 1143
 657
 1843
 1917
 755
 492
 435
 1027
 288
 1081
 1065
 866
 630
 811
 274
 1083
 179
 1121
 571
 533
 597
 881
 1119
 1470
 4622
 4559
 4540
 4592
 4810
 215
 281
 715
 5607
 1587
 5409
 5045
 5513
 5479
 1539
 2049
 675
 1997
 2127
 1863
 435
 1281
 1265
 459
 1792
 1931
 427
 447
 1001
 1014
 2003
 681
 5737
 651
 15
 183
 810
 1179
 1251
 273
 822
 1981
 2487
 1123
 537
 823
 4662
 1431
 377
 381
 4584
 4602
 4599
 335
 5612
 2119
 5411
 2143
 1929
 2131
 1797
 1161
 1559
 1935
 461
 481
 471
 1257
 1629
 489
 1253
 1009
 1297
 443
 697
 1925
 1700
 4785
 1809
 217
 527
 519
 800
 348
 812
 171
 339
 260
 383
 2483
 683
 4814
 373
 717
 4566
 113
 5413
 5031
 5611
 5505
 5655
 5677
 1779
 1787
 1557
 1591
 1728
 1255
 1007
 467
 1915
 759
 453
 1211
 1929
 679
 663
 1133
 643
 1497
 779
 541
 1531
 4591
 4574
 4596
 4617
 5035
 2033
 5092
 5503
 4969
 5675
 1819
 1927
 685
 65
 1097
 1241
 1003
 1231
 1019
 899
 421
 439
 1223
 1883
 687
 673
 223
 1053
 1607
 1563
 1937
 632
 167
 177
 147
 427
 1129
 4557
 4586
 4619
 4808
 5401
 5403
 5115
 2135
 667
 889
 2041
 2029
 1911
 429
 477
 451
 1923
 1005
 469
 197
 483
 754
 1821
 1939
 671
 1747
 1547
 4783
 1117
 211
 883
 281
 1333
 1725
 882
 2189
 163
 1189
 165
 4263
 173
 423
 535
 897
 324
 4818
 383
 584
 4560
(332 rows)

Time: 926.235 ms
